0 info it worked if it ends with ok
1 verbose cli [ '/usr/local/bin/node',
1 verbose cli   '/usr/local/bin/npm',
1 verbose cli   'install',
1 verbose cli   'ng-file-upload-shim',
1 verbose cli   '--save' ]
2 info using npm@2.5.1
3 info using node@v0.12.0
4 warn package.json crypto@0.0.3 crypto is also the name of a node core module.
5 warn package.json path@0.11.14 path is also the name of a node core module.
6 silly cache add args [ 'ng-file-upload-shim', null ]
7 verbose cache add spec ng-file-upload-shim
8 silly cache add parsed spec { raw: 'ng-file-upload-shim',
8 silly cache add   scope: null,
8 silly cache add   name: 'ng-file-upload-shim',
8 silly cache add   rawSpec: '',
8 silly cache add   spec: '*',
8 silly cache add   type: 'range' }
9 verbose addNamed ng-file-upload-shim@*
10 silly addNamed semver.valid null
11 silly addNamed semver.validRange *
12 silly addNameRange { name: 'ng-file-upload-shim', range: '*', hasData: false }
13 silly mapToRegistry name ng-file-upload-shim
14 silly mapToRegistry using default registry
15 silly mapToRegistry registry https://registry.npmjs.org/
16 silly mapToRegistry uri https://registry.npmjs.org/ng-file-upload-shim
17 verbose addNameRange registry:https://registry.npmjs.org/ng-file-upload-shim not in flight; fetching
18 verbose request uri https://registry.npmjs.org/ng-file-upload-shim
19 verbose request no auth needed
20 info attempt registry request try #1 at 18:30:32
21 verbose request id 223fd9f9ed1a724f
22 http request GET https://registry.npmjs.org/ng-file-upload-shim
23 http 404 https://registry.npmjs.org/ng-file-upload-shim
24 verbose headers { date: 'Mon, 27 Apr 2015 22:30:32 GMT',
24 verbose headers   server: 'CouchDB/1.5.0 (Erlang OTP/R16B03)',
24 verbose headers   'content-type': 'application/json',
24 verbose headers   'cache-control': 'max-age=0',
24 verbose headers   'content-length': '51',
24 verbose headers   'accept-ranges': 'bytes',
24 verbose headers   via: '1.1 varnish',
24 verbose headers   age: '0',
24 verbose headers   'x-served-by': 'cache-iad2132-IAD',
24 verbose headers   'x-cache': 'MISS',
24 verbose headers   'x-cache-hits': '0',
24 verbose headers   'x-timer': 'S1430173832.723631,VS0,VE18',
24 verbose headers   'keep-alive': 'timeout=10, max=50',
24 verbose headers   connection: 'Keep-Alive' }
25 silly get cb [ 404,
25 silly get   { date: 'Mon, 27 Apr 2015 22:30:32 GMT',
25 silly get     server: 'CouchDB/1.5.0 (Erlang OTP/R16B03)',
25 silly get     'content-type': 'application/json',
25 silly get     'cache-control': 'max-age=0',
25 silly get     'content-length': '51',
25 silly get     'accept-ranges': 'bytes',
25 silly get     via: '1.1 varnish',
25 silly get     age: '0',
25 silly get     'x-served-by': 'cache-iad2132-IAD',
25 silly get     'x-cache': 'MISS',
25 silly get     'x-cache-hits': '0',
25 silly get     'x-timer': 'S1430173832.723631,VS0,VE18',
25 silly get     'keep-alive': 'timeout=10, max=50',
25 silly get     connection: 'Keep-Alive' } ]
26 verbose stack Error: 404 Not Found: ng-file-upload-shim
26 verbose stack     at CachingRegistryClient.<anonymous> (/usr/local/lib/node_modules/npm/node_modules/npm-registry-client/lib/request.js:251:14)
26 verbose stack     at Request._callback (/usr/local/lib/node_modules/npm/node_modules/npm-registry-client/lib/request.js:178:14)
26 verbose stack     at Request.self.callback (/usr/local/lib/node_modules/npm/node_modules/request/request.js:344:22)
26 verbose stack     at Request.emit (events.js:110:17)
26 verbose stack     at Request.<anonymous> (/usr/local/lib/node_modules/npm/node_modules/request/request.js:1239:14)
26 verbose stack     at Request.emit (events.js:129:20)
26 verbose stack     at IncomingMessage.<anonymous> (/usr/local/lib/node_modules/npm/node_modules/request/request.js:1187:12)
26 verbose stack     at IncomingMessage.emit (events.js:129:20)
26 verbose stack     at _stream_readable.js:908:16
26 verbose stack     at process._tickCallback (node.js:355:11)
27 verbose statusCode 404
28 verbose pkgid ng-file-upload-shim
29 verbose cwd /home/lit8/websci/test/ITWS6961-Group10/instaRent
30 error Linux 3.13.0-35-generic
31 error argv "/usr/local/bin/node" "/usr/local/bin/npm" "install" "ng-file-upload-shim" "--save"
32 error node v0.12.0
33 error npm  v2.5.1
34 error code E404
35 error 404 Not Found: ng-file-upload-shim
35 error 404
35 error 404 'ng-file-upload-shim' is not in the npm registry.
35 error 404 You should bug the author to publish it (or use the name yourself!)
35 error 404 It was specified as a dependency of 'instaRent'
35 error 404
35 error 404 Note that you can also install from a
35 error 404 tarball, folder, http url, or git url.
36 verbose exit [ 1, true ]
